<?xml version="1.0" encoding="UTF-8"?>
<testng-results ignored="0" total="1" passed="1" failed="0" skipped="0">
  <reporter-output>
  </reporter-output>
  <suite started-at="2024-02-20T23:51:38 EST" name="Default suite" finished-at="2024-02-20T23:51:54 EST" duration-ms="16148">
    <groups>
    </groups>
    <test started-at="2024-02-20T23:51:38 EST" name="Default test" finished-at="2024-02-20T23:51:54 EST" duration-ms="16148">
      <class name="UI.ValidateRegistration">
        <test-method is-config="true" signature="launchApp()[pri:0, instance:UI.ValidateRegistration@4562e04d]" started-at="2024-02-20T23:51:38 EST" name="launchApp" finished-at="2024-02-20T23:51:42 EST" duration-ms="4608" status="PASS">
          <reporter-output>
          </reporter-output>
        </test-method> <!-- launchApp -->
        <test-method signature="registrationForm()[pri:0, instance:UI.ValidateRegistration@4562e04d]" started-at="2024-02-20T23:51:42 EST" name="registrationForm" finished-at="2024-02-20T23:51:54 EST" duration-ms="11277" status="PASS">
          <reporter-output>
          </reporter-output>
        </test-method> <!-- registrationForm -->
        <test-method is-config="true" signature="tearDown()[pri:0, instance:UI.ValidateRegistration@4562e04d]" started-at="2024-02-20T23:51:54 EST" name="tearDown" finished-at="2024-02-20T23:51:54 EST" duration-ms="230" status="PASS">
          <reporter-output>
          </reporter-output>
        </test-method> <!-- tearDown -->
      </class> <!-- UI.ValidateRegistration -->
    </test> <!-- Default test -->
  </suite> <!-- Default suite -->
</testng-results>
